c:\users\nikol\onedrive\desktop\cpp_homework\cpphomework\debug\vc142.pdb
c:\users\nikol\onedrive\desktop\cpp_homework\cpphomework\debug\vc142.idb
c:\users\nikol\onedrive\desktop\cpp_homework\cpphomework\debug\cpphomework.obj
c:\users\nikol\onedrive\desktop\cpp_homework\cpphomework\debug\architect.obj
c:\users\nikol\onedrive\desktop\cpp_homework\cpphomework\debug\cpphomework.pdb
c:\users\nikol\onedrive\desktop\cpp_homework\cpphomework\debug\cpphomework.tlog\cl.command.1.tlog
c:\users\nikol\onedrive\desktop\cpp_homework\cpphomework\debug\cpphomework.tlog\cl.read.1.tlog
c:\users\nikol\onedrive\desktop\cpp_homework\cpphomework\debug\cpphomework.tlog\cl.write.1.tlog
c:\users\nikol\onedrive\desktop\cpp_homework\cpphomework\debug\cpphomework.tlog\link-cvtres.read.1.tlog
c:\users\nikol\onedrive\desktop\cpp_homework\cpphomework\debug\cpphomework.tlog\link-cvtres.write.1.tlog
c:\users\nikol\onedrive\desktop\cpp_homework\cpphomework\debug\cpphomework.tlog\link-rc.read.1.tlog
c:\users\nikol\onedrive\desktop\cpp_homework\cpphomework\debug\cpphomework.tlog\link-rc.write.1.tlog
c:\users\nikol\onedrive\desktop\cpp_homework\cpphomework\debug\cpphomework.tlog\link.12000-cvtres.read.1.tlog
c:\users\nikol\onedrive\desktop\cpp_homework\cpphomework\debug\cpphomework.tlog\link.12000-cvtres.write.1.tlog
c:\users\nikol\onedrive\desktop\cpp_homework\cpphomework\debug\cpphomework.tlog\link.12000-rc.read.1.tlog
c:\users\nikol\onedrive\desktop\cpp_homework\cpphomework\debug\cpphomework.tlog\link.12000-rc.write.1.tlog
c:\users\nikol\onedrive\desktop\cpp_homework\cpphomework\debug\cpphomework.tlog\link.12000.read.1.tlog
c:\users\nikol\onedrive\desktop\cpp_homework\cpphomework\debug\cpphomework.tlog\link.12000.write.1.tlog
c:\users\nikol\onedrive\desktop\cpp_homework\cpphomework\debug\cpphomework.tlog\link.command.1.tlog
c:\users\nikol\onedrive\desktop\cpp_homework\cpphomework\debug\cpphomework.tlog\link.read.1.tlog
c:\users\nikol\onedrive\desktop\cpp_homework\cpphomework\debug\cpphomework.tlog\link.write.1.tlog
